********************************************************************************
DUPLICATOR-LITE PACKAGE-LOG: May 25, 2022 8:57 pm
NOTICE: Do NOT post to public sites or forums 
********************************************************************************
VERSION:	1.4.6
WORDPRESS:	5.9.3
PHP INFO:	8.1.5 | SAPI: apache2handler
SERVER:		Apache/2.4.53 (Win64) OpenSSL/1.1.1n PHP/8.1.5 
PHP TIME LIMIT: (0) no time limit imposed 
PHP MAX MEMORY: 4294967296 (512M default) 
MEMORY STACK: 50MB

********************************************************************************
DATABASE:
********************************************************************************
BUILD MODE:   MYSQLDUMP
MYSQLTIMEOUT: 5000
MYSQLDUMP:    Is Supported
SQL CREATED: 20220523_madsphilipsen_144f68efb051ff5f1773_20220525205705_database.sql
SQL FILE SIZE: 5.98MB (6265593)
SQL FILE TIME: 2022-05-25 20:57:46
SQL RUNTIME: 19.44 sec.

********************************************************************************
ARCHIVE (ZIP):
********************************************************************************
ARCHIVE DIR:  C:/xampp/htdocs/madsphilipsen
ARCHIVE FILE: 20220523_madsphilipsen_144f68efb051ff5f1773_20220525205705_archive.zip
FILTERS: *OFF*
DIRS:
	not set
FILES:
	not set
EXTS:  not set
----------------------------------------
COMPRESSING
SIZE:	177.75MB
STATS:	Dirs 987 | Files 10,160
SQL ADDED: 20220523_madsphilipsen_144f68efb051ff5f1773_20220525205705_database.sql
ZipArchive Object
(
    [lastId] => 11146
    [status] => 0
    [statusSys] => 0
    [numFiles] => 11147
    [filename] => C:\xampp\htdocs\madsphilipsen\wp-content\backups-dup-lite\tmp\20220523_madsphilipsen_144f68efb051ff5f1773_20220525205705_archive.zip
    [comment] => 
)

FILE ADDED TO ZIP: 11146
COMPRESSION RESULT: '1'
COMPRESSED SIZE: 106.2MB
ARCHIVE RUNTIME: 7.64 sec.
MEMORY STACK: 52MB
building installer
add_extra_files1
add_extra_files2
add_extra_files3
add_extra_files4
Doing archive file check
add_extra_files5
add_extra_files6
add_extra_files8
Successfully opened zip C:/xampp/htdocs/madsphilipsen/wp-content/backups-dup-lite/tmp/20220523_madsphilipsen_144f68efb051ff5f1773_20220525205705_archive.zip
Adding enhanced installer files to archive using ZipArchive
Installer files added to archive
Added to archive
After ziparchive close when adding installer

********************************************************************************
INTEGRITY CHECKS:
********************************************************************************
SQL FILE: 5.98MB
INSTALLER FILE: 64.6KB
ARCHIVE FILE: 107.36MB 
EXPECTED FILE/DIRECTORY COUNT: 11,147
ACTUAL FILE/DIRECTORY COUNT: 11,146
ARCHIVE CONSISTENCY TEST: Pass

********************************************************************************
RECORD ID:[2]
TOTAL PROCESS RUNTIME: 28.06 sec.
PEAK PHP MEMORY USED: 54MB
DONE PROCESSING => 20220523_madsphilipsen May 25, 2022 8:57 pm

