********************************************************************************
DUPLICATOR-LITE PACKAGE-LOG: May 26, 2022 2:16 pm
NOTICE: Do NOT post to public sites or forums 
********************************************************************************
VERSION:	1.4.6
WORDPRESS:	5.9.3
PHP INFO:	8.1.5 | SAPI: apache2handler
SERVER:		Apache/2.4.53 (Win64) OpenSSL/1.1.1n PHP/8.1.5 
PHP TIME LIMIT: (0) no time limit imposed 
PHP MAX MEMORY: 4294967296 (512M default) 
MEMORY STACK: 50MB

********************************************************************************
DATABASE:
********************************************************************************
BUILD MODE:   MYSQLDUMP
MYSQLTIMEOUT: 5000
MYSQLDUMP:    Is Supported
SQL CREATED: 20220523_madsphilipsen_cdc81c3e5285525d1896_20220526141557_database.sql
SQL FILE SIZE: 6.82MB (7155899)
SQL FILE TIME: 2022-05-26 14:16:33
SQL RUNTIME: 22.99 sec.

********************************************************************************
ARCHIVE (ZIP):
********************************************************************************
ARCHIVE DIR:  C:/xampp/htdocs/madsphilipsen
ARCHIVE FILE: 20220523_madsphilipsen_cdc81c3e5285525d1896_20220526141557_archive.zip
FILTERS: *OFF*
DIRS:
	not set
FILES:
	not set
EXTS:  not set
----------------------------------------
COMPRESSING
SIZE:	177.98MB
STATS:	Dirs 986 | Files 10,186
SQL ADDED: 20220523_madsphilipsen_cdc81c3e5285525d1896_20220526141557_database.sql
ZipArchive Object
(
    [lastId] => 11171
    [status] => 0
    [statusSys] => 0
    [numFiles] => 11172
    [filename] => C:\xampp\htdocs\madsphilipsen\wp-content\backups-dup-lite\tmp\20220523_madsphilipsen_cdc81c3e5285525d1896_20220526141557_archive.zip
    [comment] => 
)

FILE ADDED TO ZIP: 11171
COMPRESSION RESULT: '1'
COMPRESSED SIZE: 106.57MB
ARCHIVE RUNTIME: 9.06 sec.
MEMORY STACK: 52MB
building installer
add_extra_files1
add_extra_files2
add_extra_files3
add_extra_files4
Doing archive file check
add_extra_files5
add_extra_files6
add_extra_files8
Successfully opened zip C:/xampp/htdocs/madsphilipsen/wp-content/backups-dup-lite/tmp/20220523_madsphilipsen_cdc81c3e5285525d1896_20220526141557_archive.zip
Adding enhanced installer files to archive using ZipArchive
Installer files added to archive
Added to archive
After ziparchive close when adding installer

********************************************************************************
INTEGRITY CHECKS:
********************************************************************************
SQL FILE: 6.82MB
INSTALLER FILE: 64.6KB
ARCHIVE FILE: 107.73MB 
EXPECTED FILE/DIRECTORY COUNT: 11,172
ACTUAL FILE/DIRECTORY COUNT: 11,171
ARCHIVE CONSISTENCY TEST: Pass

********************************************************************************
RECORD ID:[5]
TOTAL PROCESS RUNTIME: 33.04 sec.
PEAK PHP MEMORY USED: 54MB
DONE PROCESSING => 20220523_madsphilipsen May 26, 2022 2:16 pm

